<?xml version="1.0" encoding="UTF-8"?>
<!-- Generated by org.testng.reporters.JUnitReportReporter -->
<testsuite skipped="0" hostname="Dell" name="TestCases.RegisterClass" tests="1" failures="0" timestamp="07 Jul 2018 17:41:23 GMT" time="57.465" errors="0">
  <testcase name="registerSite" time="57.465" classname="TestCases.RegisterClass"/>
</testsuite> <!-- TestCases.RegisterClass -->
